0>Bad Path string: L'd:\project\driver\obregistercallbacks F '

BUILD: Computing Include file dependencies:
0>errors in directory d:\project\driver\tp_ddk
0> d:\project\driver\tp_ddk\sources contains a bad line continuation -- backslash followed by a space where a newline was probably intended; this occurs in INCLUDES and therefore the root of your drive may be looked in inappropriately; to do this on purpose, put a semicolon after the slash.
BUILD: Examining d:\project\driver\tp_ddk directory for files to compile.
oacr invalidate root:x86chk /autocleanqueue
1>Compiling and Linking d:\project\driver\tp_ddk *************
1>'nmake.exe /nologo BUILDMSG=Stop. -i BUILD_PASS=PASS2 LINKONLY=1 NOPASS0=1 MAKEDIR_RELATIVE_TO_BASEDIR='
1>d:\project\driver\tp_ddk: TARGETPATH is Release
1>BUILDMSG: _NT_TARGET_VERSION SET TO WINXP
1> D:\Project\IDE\WinDDK\7600.16385.1\Bin\x86\oacr\oacrcl @d:\project\driver\tp_ddk\objchk_wxp_x86\i386\cl.rsp
1>Microsoft (R) 32-bit C/C++ Optimizing Compiler Version 15.00.30729.207 for 80x86
1>Copyright (C) Microsoft Corporation.  All rights reserved.
1>cl /Fo"d:\project\driver\tp_ddk\objchk_wxp_x86\i386/"
1> /FC
1> /Ii386
1> /I.
1> /Id:\project\ide\winddk\7600.16385.1\inc
1> /Id:\project\ide\winddk\7600.16385.1\inc\wxp
1> /I\
1> /Id:\project\driver\tp_ddk\objchk_wxp_x86\i386
1> /ID:\Project\IDE\WinDDK\7600.16385.1\inc\api
1> /ID:\Project\IDE\WinDDK\7600.16385.1\inc\api
1> /ID:\Project\IDE\WinDDK\7600.16385.1\inc\ddk
1> /ID:\Project\IDE\WinDDK\7600.16385.1\inc\ddk
1> /ID:\Project\IDE\WinDDK\7600.16385.1\inc\crt
1> /D_X86_=1
1> /Di386=1
1> /DSTD_CALL
1> /DCONDITION_HANDLING=1
1> /DNT_UP=1
1> /DNT_INST=0
1> /DWIN32=100
1> /D_NT1X_=100
1> /DWINNT=1
1> /D_WIN32_WINNT=0x0501
1> /DWINVER=0x0501
1> /D_WIN32_IE=0x0603
1> /DWIN32_LEAN_AND_MEAN=1
1> /DDEVL=1
1> /DDBG=1
1> /D__BUILDMACHINE__=WinDDK
1> /DFPO=0
1> /D_DLL=1
1> /DNDEBUG
1> /DDEPRECATE_DDK_FUNCTIONS=1
1> /DMSC_NOOPT
1> /DNTDDI_VERSION=0x05010200
1> /c
1> /Zc:wchar_t-
1> /Zl
1> /Zp8
1> /Gy
1> /Gm-
1> -cbstring
1> /W3
1> /Gz
1> /hotpatch
1> /EHs-c-
1> /GR-
1> /GF
1> /GS
1> /Z7
1> /Od
1> /Oi
1> /Oy-
1> /Z7
1> /DKMDF_MAJOR_VERSION_STRING=01
1> /DKMDF_MINOR_VERSION_STRING=009
1> /wd4603
1> /wd4627
1> /typedil-
1> /FID:\Project\IDE\WinDDK\7600.16385.1\inc\api\warning.h
1> .\util.c .\hook.c .\ade32.c .\main.c 
1>util.c
1>-
1>---------SYS1>d:\project\driver\tp_ddk\util.c(20) : warning C4047: '=' : 'ULONG' differs in levels of indirection from 'PULONG'
1>warnings in directory d:\project\driver\tp_ddk
1>d:\project\driver\tp_ddk\util.c(20) : warning C4047: '=' : 'ULONG' differs in levels of indirection from 'PULONG'
1>d:\project\driver\tp_ddk\util.c(21) : warning C4047: 'return' : 'ULONG *' differs in levels of indirection from 'ULONG'
1>d:\project\driver\tp_ddk\util.c(21) : warning C4047: 'return' : 'ULONG *' differs in levels of indirection from 'ULONG'
1>d:\project\driver\tp_ddk\util.c(29) : warning C4047: 'return' : 'ULONG' differs in levels of indirection from 'void *'
1>d:\project\driver\tp_ddk\util.c(29) : warning C4047: 'return' : 'ULONG' differs in levels of indirection from 'void *'
1>d:\project\driver\tp_ddk\util.c(199) : warning C4098: 'WriteJmp' : 'void' function returning a value
1>d:\project\driver\tp_ddk\util.c(199) : warning C4098: 'WriteJmp' : 'void' function returning a value
1>d:\project\driver\tp_ddk\util.c(311) : warning C4022: 'MmIsAddressValid' : pointer mismatch for actual parameter 1
1>d:\project\driver\tp_ddk\util.c(311) : warning C4022: 'MmIsAddressValid' : pointer mismatch for actual parameter 1
1>d:\project\driver\tp_ddk\util.c(311) : warning C4022: 'MmIsAddressValid' : pointer mismatch for actual parameter 1
1>d:\project\driver\tp_ddk\util.c(311) : warning C4022: 'MmIsAddressValid' : pointer mismatch for actual parameter 1
1>d:\project\driver\tp_ddk\util.c(313) : warning C4022: 'memcmp' : pointer mismatch for actual parameter 1
1>d:\project\driver\tp_ddk\util.c(313) : warning C4022: 'memcmp' : pointer mismatch for actual parameter 1
1>d:\project\driver\tp_ddk\util.c(317) : warning C4047: 'return' : 'PSYSTEM_DESCRIPTOR_TABLE' differs in levels of indirection from 'ULONG'
1>d:\project\driver\tp_ddk\util.c(317) : warning C4047: 'return' : 'PSYSTEM_DESCRIPTOR_TABLE' differs in levels of indirection from 'ULONG'
1>d:\project\driver\tp_ddk\util.c(342) : warning C4996: 'ExAllocatePool': was declared deprecated
1>d:\project\driver\tp_ddk\util.c(342) : warning C4996: 'ExAllocatePool': was declared deprecated
1> d:\project\ide\winddk\7600.16385.1\inc\ddk\wdm.h(16147) : see declaration of 'ExAllocatePool'
1>d:\project\driver\tp_ddk\util.c(391) : warning C4996: 'ExAllocatePool': was declared deprecated
1>d:\project\driver\tp_ddk\util.c(391) : warning C4996: 'ExAllocatePool': was declared deprecated
1> d:\project\ide\winddk\7600.16385.1\inc\ddk\wdm.h(16147) : see declaration of 'ExAllocatePool'
1>d:\project\driver\tp_ddk\util.c(409) : warning C4047: '=' : 'ULONG' differs in levels of indirection from 'PVOID'
1>d:\project\driver\tp_ddk\util.c(409) : warning C4047: '=' : 'ULONG' differs in levels of indirection from 'PVOID'
1>d:\project\driver\tp_ddk\util.c(541) : warning C4047: '!=' : 'DWORD' differs in levels of indirection from 'void *'
1>d:\project\driver\tp_ddk\util.c(541) : warning C4047: '!=' : 'DWORD' differs in levels of indirection from 'void *'
1>d:\project\driver\tp_ddk\util.c(604) : warning C4996: 'ExAllocatePool': was declared deprecated
1>d:\project\driver\tp_ddk\util.c(604) : warning C4996: 'ExAllocatePool': was declared deprecated
1> d:\project\ide\winddk\7600.16385.1\inc\ddk\wdm.h(16147) : see declaration of 'ExAllocatePool'
1>d:\project\driver\tp_ddk\util.c(700) : warning C4047: 'function' : 'ULONG' differs in levels of indirection from 'void *'
1>d:\project\driver\tp_ddk\util.c(700) : warning C4047: 'function' : 'ULONG' differs in levels of indirection from 'void *'
1>d:\project\driver\tp_ddk\util.c(700) : warning C4024: 'ZwCreateFile' : different types for formal and actual parameter 11
1>d:\project\driver\tp_ddk\util.c(700) : warning C4024: 'ZwCreateFile' : different types for formal and actual parameter 11
1>d:\project\driver\tp_ddk\util.c(722) : warning C4996: 'ExAllocatePool': was declared deprecated
1>d:\project\driver\tp_ddk\util.c(722) : warning C4996: 'ExAllocatePool': was declared deprecated
1> d:\project\ide\winddk\7600.16385.1\inc\ddk\wdm.h(16147) : see declaration of 'ExAllocatePool'
1>d:\project\driver\tp_ddk\util.c(762) : warning C4133: 'function' : incompatible types - from 'PVOID *' to 'BYTE **'
1>d:\project\driver\tp_ddk\util.c(762) : warning C4133: 'function' : incompatible types - from 'PVOID *' to 'BYTE **'
1>d:\project\driver\tp_ddk\util.c(779) : warning C4047: '=' : 'PVOID' differs in levels of indirection from 'ULONG'
1>d:\project\driver\tp_ddk\util.c(779) : warning C4047: '=' : 'PVOID' differs in levels of indirection from 'ULONG'
1>d:\project\driver\tp_ddk\util.c(816) : warning C4996: 'ExAllocatePool': was declared deprecated
1>d:\project\driver\tp_ddk\util.c(816) : warning C4996: 'ExAllocatePool': was declared deprecated
1> d:\project\ide\winddk\7600.16385.1\inc\ddk\wdm.h(16147) : see declaration of 'ExAllocatePool'
1>hook.c
1>-
1>---------SYS1>d:\project\driver\tp_ddk\hook.c(76) : warning C4047: '=' : 'ULONG' differs in levels of indirection from 'PVOID'
1>d:\project\driver\tp_ddk\hook.c(76) : warning C4047: '=' : 'ULONG' differs in levels of indirection from 'PVOID'
1>d:\project\driver\tp_ddk\hook.c(162) : warning C4022: 'memcpy' : pointer mismatch for actual parameter 2
1>d:\project\driver\tp_ddk\hook.c(162) : warning C4022: 'memcpy' : pointer mismatch for actual parameter 2
1>d:\project\driver\tp_ddk\hook.c(163) : warning C4047: '=' : 'PSYSTEM_DESCRIPTOR_TABLE' differs in levels of indirection from 'ULONG'
1>d:\project\driver\tp_ddk\hook.c(163) : warning C4047: '=' : 'PSYSTEM_DESCRIPTOR_TABLE' differs in levels of indirection from 'ULONG'
1>d:\project\driver\tp_ddk\hook.c(203) : warning C4022: 'memcpy' : pointer mismatch for actual parameter 2
1>d:\project\driver\tp_ddk\hook.c(203) : warning C4022: 'memcpy' : pointer mismatch for actual parameter 2
1>d:\project\driver\tp_ddk\hook.c(210) : warning C4047: '=' : 'PSYSTEM_DESCRIPTOR_TABLE' differs in levels of indirection from 'ULONG'
1>d:\project\driver\tp_ddk\hook.c(210) : warning C4047: '=' : 'PSYSTEM_DESCRIPTOR_TABLE' differs in levels of indirection from 'ULONG'
1>d:\project\driver\tp_ddk\hook.c(308) : warning C4047: '=' : 'ULONG' differs in levels of indirection from 'PUCHAR'
1>d:\project\driver\tp_ddk\hook.c(308) : warning C4047: '=' : 'ULONG' differs in levels of indirection from 'PUCHAR'
1>d:\project\driver\tp_ddk\hook.c(310) : warning C4022: 'ade32_get_code_length' : pointer mismatch for actual parameter 1
1>d:\project\driver\tp_ddk\hook.c(310) : warning C4022: 'ade32_get_code_length' : pointer mismatch for actual parameter 1
1>d:\project\driver\tp_ddk\hook.c(335) : warning C4026: function declared with formal parameter list
1>d:\project\driver\tp_ddk\hook.c(335) : warning C4026: function declared with formal parameter list
1>d:\project\driver\tp_ddk\hook.c(404) : warning C4047: '=' : 'ULONG' differs in levels of indirection from 'PUCHAR'
1>d:\project\driver\tp_ddk\hook.c(404) : warning C4047: '=' : 'ULONG' differs in levels of indirection from 'PUCHAR'
1>d:\project\driver\tp_ddk\hook.c(406) : warning C4022: 'ade32_get_code_length' : pointer mismatch for actual parameter 1
1>d:\project\driver\tp_ddk\hook.c(406) : warning C4022: 'ade32_get_code_length' : pointer mismatch for actual parameter 1
1>d:\project\driver\tp_ddk\hook.c(430) : warning C4026: function declared with formal parameter list
1>d:\project\driver\tp_ddk\hook.c(430) : warning C4026: function declared with formal parameter list
1>d:\project\driver\tp_ddk\hook.c(483) : warning C4047: '=' : 'ULONG' differs in levels of indirection from 'void (__stdcall *)()'
1>d:\project\driver\tp_ddk\hook.c(483) : warning C4047: '=' : 'ULONG' differs in levels of indirection from 'void (__stdcall *)()'
1>d:\project\driver\tp_ddk\hook.c(541) : warning C4047: '=' : 'ULONG' differs in levels of indirection from 'void (__stdcall *)()'
1>d:\project\driver\tp_ddk\hook.c(541) : warning C4047: '=' : 'ULONG' differs in levels of indirection from 'void (__stdcall *)()'
1>ade32.c
1>main.c
1>-
1>---------SYS1>Generating Code...
1> D:\Project\IDE\WinDDK\7600.16385.1\Bin\x86\oacr\oacrlink /out:Release\i386\TP_DDK.sys /machine:ix86 @d:\project\driver\tp_ddk\objchk_wxp_x86\i386\lnk.rsp
1>Microsoft (R) Incremental Linker Version 9.00.30729.207
1>Copyright (C) Microsoft Corporation.  All rights reserved.
1>/MERGE:_PAGE=PAGE 
1>/MERGE:_TEXT=.text 
1>/SECTION:INIT,d 
1>/OPT:REF 
1>/OPT:ICF 
1>/IGNORE:4198,4010,4037,4039,4065,4070,4078,4087,4089,4221 
1>/INCREMENTAL:NO 
1>/release 
1>/NODEFAULTLIB 
1>/WX 
1>/debug 
1>/debugtype:cv,fixup,pdata 
1>/version:6.1 
1>/osversion:6.1 
1>/functionpadmin:5 
1>/safeseh 
1>/pdbcompress 
1>/STACK:0x40000,0x1000 
1>/driver 
1>/base:0x10000 
1>/align:0x80 /stub:d:\project\ide\winddk\7600.16385.1\lib\wxp\stub512.com 
1>/subsystem:native,5.01 
1>/entry:GsDriverEntry@8 
1>/out:Release\i386\TP_DDK.sys 
1>d:\project\driver\tp_ddk\objchk_wxp_x86\i386\util.obj 
1>d:\project\driver\tp_ddk\objchk_wxp_x86\i386\hook.obj 
1>d:\project\driver\tp_ddk\objchk_wxp_x86\i386\ade32.obj 
1>d:\project\driver\tp_ddk\objchk_wxp_x86\i386\main.obj 
1>d:\project\ide\winddk\7600.16385.1\lib\wxp\i386\BufferOverflowK.lib 
1>d:\project\ide\winddk\7600.16385.1\lib\wxp\i386\ntoskrnl.lib 
1>d:\project\ide\winddk\7600.16385.1\lib\wxp\i386\hal.lib 
1>d:\project\ide\winddk\7600.16385.1\lib\wxp\i386\wmilib.lib 
1>d:\project\ide\winddk\7600.16385.1\lib\wxp\i386\sehupd.lib 
